<?xml version="1.0" encoding="UTF-8"?>
<testsuite xmlns:xsi="http://www.w3.org/2001/XMLSchema-instance" xsi:noNamespaceSchemaLocation="https://maven.apache.org/surefire/maven-surefire-plugin/xsd/surefire-test-report-3.0.xsd" version="3.0" name="com.degreeflow.service.ExtraReqGroupTest" time="15.214" tests="1" errors="0" skipped="0" failures="0">
  <properties>
[...]
</properties>
  <testcase name="testSaveFromRawData_withMockedJson" classname="com.degreeflow.service.ExtraReqGroupTest" time="0.981">
    <system-out><![CDATA[20:39:34.499 [main] INFO org.springframework.test.context.support.AnnotationConfigContextLoaderUtils -- Could not detect default configuration classes for test class [com.degreeflow.service.ExtraReqGroupTest]: ExtraReqGroupTest does not declare any static, non-private, non-final, nested classes annotated with @Configuration.
20:39:34.842 [main] INFO org.springframework.boot.test.context.SpringBootTestContextBootstrapper -- Found @SpringBootConfiguration com.degreeflow.DegreeFlowApplication for test class com.degreeflow.service.ExtraReqGroupTest
20:39:35.311 [main] INFO org.springframework.boot.devtools.restart.RestartApplicationListener -- Restart disabled due to context in which it is running

  .   ____          _            __ _ _
 /\\ / ___'_ __ _ _(_)_ __  __ _ \ \ \ \
( ( )\___ | '_ | '_| | '_ \/ _` | \ \ \ \
 \\/  ___)| |_)| | | | | || (_| |  ) ) ) )
  '  |____| .__|_| |_|_| |_\__, | / / / /
 =========|_|==============|___/=/_/_/_/
 :: Spring Boot ::                (v3.1.5)

2025-04-07T20:39:35.871-04:00  WARN 81280 --- [           main] ory$DuplicateJsonObjectContextCustomizer : 

Found multiple occurrences of org.json.JSONObject on the class path:

	jar:file:/home/sarahneelands/.m2/repository/org/json/json/20231013/json-20231013.jar!/org/json/JSONObject.class
	jar:file:/home/sarahneelands/.m2/repository/com/vaadin/external/google/android-json/0.0.20131108.vaadin1/android-json-0.0.20131108.vaadin1.jar!/org/json/JSONObject.class

You may wish to exclude one of them to ensure predictable runtime behavior

2025-04-07T20:39:35.909-04:00  INFO 81280 --- [           main] c.degreeflow.service.ExtraReqGroupTest   : Starting ExtraReqGroupTest using Java 21.0.6 with PID 81280 (started by sarahneelands in /mnt/c/Users/srnee/Desktop/Degree-Flow/degreeflow-backend)
2025-04-07T20:39:35.909-04:00  INFO 81280 --- [           main] c.degreeflow.service.ExtraReqGroupTest   : No active profile set, falling back to 1 default profile: "default"
2025-04-07T20:39:37.796-04:00  INFO 81280 --- [           main] .s.d.r.c.RepositoryConfigurationDelegate : Bootstrapping Spring Data JPA repositories in DEFAULT mode.
2025-04-07T20:39:38.474-04:00  INFO 81280 --- [           main] .s.d.r.c.RepositoryConfigurationDelegate : Finished Spring Data repository scanning in 658 ms. Found 8 JPA repository interfaces.
2025-04-07T20:39:39.599-04:00  INFO 81280 --- [           main] o.hibernate.jpa.internal.util.LogHelper  : HHH000204: Processing PersistenceUnitInfo [name: default]
2025-04-07T20:39:39.812-04:00  INFO 81280 --- [           main] org.hibernate.Version                    : HHH000412: Hibernate ORM core version 6.2.13.Final
2025-04-07T20:39:39.820-04:00  INFO 81280 --- [           main] org.hibernate.cfg.Environment            : HHH000406: Using bytecode reflection optimizer
2025-04-07T20:39:40.780-04:00  INFO 81280 --- [           main] o.s.o.j.p.SpringPersistenceUnitInfo      : No LoadTimeWeaver setup: ignoring JPA class transformer
2025-04-07T20:39:40.864-04:00  INFO 81280 --- [           main] com.zaxxer.hikari.HikariDataSource       : HikariPool-1 - Starting...
2025-04-07T20:39:41.476-04:00  INFO 81280 --- [           main] com.zaxxer.hikari.pool.HikariPool        : HikariPool-1 - Added connection org.postgresql.jdbc.PgConnection@7b598d05
2025-04-07T20:39:41.483-04:00  INFO 81280 --- [           main] com.zaxxer.hikari.HikariDataSource       : HikariPool-1 - Start completed.
2025-04-07T20:39:41.579-04:00  WARN 81280 --- [           main] org.hibernate.orm.deprecation            : HHH90000025: PostgreSQLDialect does not need to be specified explicitly using 'hibernate.dialect' (remove the property setting and it will be selected by default)
2025-04-07T20:39:44.094-04:00  INFO 81280 --- [           main] o.h.e.t.j.p.i.JtaPlatformInitiator       : HHH000489: No JTA platform available (set 'hibernate.transaction.jta.platform' to enable JTA platform integration)
2025-04-07T20:39:44.581-04:00  INFO 81280 --- [           main] j.LocalContainerEntityManagerFactoryBean : Initialized JPA EntityManagerFactory for persistence unit 'default'
2025-04-07T20:39:45.530-04:00  INFO 81280 --- [           main] o.s.d.j.r.query.QueryEnhancerFactory     : Hibernate is in classpath; If applicable, HQL parser will be used.
2025-04-07T20:39:46.699-04:00  WARN 81280 --- [           main] JpaBaseConfiguration$JpaWebConfiguration : spring.jpa.open-in-view is enabled by default. Therefore, database queries may be performed during view rendering. Explicitly configure spring.jpa.open-in-view to disable this warning
2025-04-07T20:39:47.150-04:00  INFO 81280 --- [           main] o.s.s.web.DefaultSecurityFilterChain     : Will secure any request with [org.springframework.security.web.session.DisableEncodeUrlFilter@7985c32f, org.springframework.security.web.context.request.async.WebAsyncManagerIntegrationFilter@56d9ef05, org.springframework.security.web.context.SecurityContextHolderFilter@30130a31, org.springframework.security.web.header.HeaderWriterFilter@7b2cd7ff, org.springframework.web.filter.CorsFilter@665fb1d8, org.springframework.security.web.authentication.logout.LogoutFilter@3a5922ec, org.springframework.security.oauth2.server.resource.web.authentication.BearerTokenAuthenticationFilter@570f96b7, org.springframework.security.web.savedrequest.RequestCacheAwareFilter@7cb32ca5, org.springframework.security.web.servletapi.SecurityContextHolderAwareRequestFilter@67bf393c, org.springframework.security.web.authentication.AnonymousAuthenticationFilter@7d487147, org.springframework.security.web.session.SessionManagementFilter@27d9a016, org.springframework.security.web.access.ExceptionTranslationFilter@3979ff82, org.springframework.security.web.access.intercept.AuthorizationFilter@665902eb]
 Running scheduled task: Checking for open seats...
2025-04-07T20:39:48.326-04:00  INFO 81280 --- [           main] c.degreeflow.service.ExtraReqGroupTest   : Started ExtraReqGroupTest in 13.054 seconds (process running for 15.117)
Hibernate: select s1_0.id,s1_0.course_code,s1_0.email,s1_0.term from seat_alert_subscription s1_0
Hibernate: select d1_0.course_group_id from requirement_groups d1_0 where d1_0.transcript_id=? fetch first ? rows only
Transcript ID test_transcript_id already exists. Skipping insertion.
]]></system-out>
    <system-err><![CDATA[WARNING: A Java agent has been loaded dynamically (/home/sarahneelands/.m2/repository/net/bytebuddy/byte-buddy-agent/1.14.9/byte-buddy-agent-1.14.9.jar)
WARNING: If a serviceability tool is in use, please run with -XX:+EnableDynamicAgentLoading to hide this warning
WARNING: If a serviceability tool is not in use, please run with -Djdk.instrument.traceUsage for more information
WARNING: Dynamic loading of agents will be disallowed by default in a future release
]]></system-err>
  </testcase>
</testsuite>