<?xml version="1.0" encoding="UTF-8"?>
<testsuite xmlns:xsi="http://www.w3.org/2001/XMLSchema-instance" xsi:noNamespaceSchemaLocation="https://maven.apache.org/surefire/maven-surefire-plugin/xsd/surefire-test-report-3.0.xsd" version="3.0" name="com.degreeflow.service.ProgressTrackerTest" time="0.026" tests="1" errors="0" skipped="1" failures="0">
  <properties>
[...]
</properties>
  <testcase name="testUpdateTranscript_marksCoursesAsCheckedAndCountsCompleted" classname="com.degreeflow.service.ProgressTrackerTest" time="0">
    <skipped message="Temporarily turned off while debugging API issues"/>
    <system-out><![CDATA[2025-04-08T00:27:28.666-04:00  INFO 119985 --- [           main] t.c.s.AnnotationConfigContextLoaderUtils : Could not detect default configuration classes for test class [com.degreeflow.service.ProgressTrackerTest]: ProgressTrackerTest does not declare any static, non-private, non-final, nested classes annotated with @Configuration.
2025-04-08T00:27:28.672-04:00  INFO 119985 --- [           main] .b.t.c.SpringBootTestContextBootstrapper : Found @SpringBootConfiguration com.degreeflow.DegreeFlowApplication for test class com.degreeflow.service.ProgressTrackerTest
]]></system-out>
  </testcase>
</testsuite>